61
注目
Lyft（https://www.lyft.me）と同様仕様でのiphoneアプリ開発
iPhoneアプリ開発
固定報酬制 見積もり希望
応募
8 人
あと 4 時間
（3月25日まで）
気になる！リストに追加
掲載日：2014年03月11日
inspect
==
eql?
hash
click
tag_name
attribute
text
send_keys
send_key
clear
enabled?
selected?
displayed?
submit
css_value
style
location
location_once_scrolled_into_view
size
first
all
[]
ref
to_json
as_json
find_element
find_elements
nil?
===
=~
!~
<=>
class
singleton_class
clone
dup
taint
tainted?
untaint
untrust
untrusted?
trust
freeze
frozen?
to_s
methods
singleton_methods
protected_methods
private_methods
public_methods
instance_variables
instance_variable_get
instance_variable_set
instance_variable_defined?
remove_instance_variable
instance_of?
kind_of?
is_a?
tap
send
public_send
respond_to?
extend
display
method
public_method
define_singleton_method
object_id
to_enum
enum_for
equal?
!
!=
instance_eval
instance_exec
__send__
__id__
注目
業務管理のウェブシステム移行・改修
サイト構築・ウェブ開発
固定報酬制 見積もり希望
応募
3 人
あと 4 時間
（3月25日まで）
気になる！リストに追加
掲載日：2014年03月23日

[女性限定] アパレル ネットショップの商品登録作業 (200品 10000円)
サイト構築・ウェブ開発
固定報酬制 10,000円 〜 50,000円
応募
1 人
あと 4 時間
（3月25日まで）
気になる！リストに追加
掲載日：2014年03月13日

注目
ベンチャー企業支援プログラムに共に参加して頂けるエンジニアの方★WEBアプリケーションの制作をお願い致します
サイト構築・ウェブ開発
固定報酬制 100,000円 〜 300,000円
応募
9 人
あと 4 時間
（3月25日まで）
気になる！リストに追加
掲載日：2014年03月11日
注目
【Android】フリマアプリの作成 (サーバー側開発不要)
Androidアプリ開発
固定報酬制 300,000円 〜 500,000円
応募
8 人
あと 4 時間
（3月25日まで）
気になる！リストに追加
掲載日：2014年03月11日

注目
急募
急募！　インフラ技術者（データセンター移行タスク）
システム管理・更新・保守
固定報酬制 見積もり希望
応募
7 人
あと 4 時間
（3月25日まで）
気になる！リストに追加
掲載日：2014年03月11日
注目
急募
既存ウェブサイトを簡易にアプリ化するシステム構築(iOS/Android技術者募集)
iPhoneアプリ開発
固定報酬制 1,000,000円 〜 5,000,000円
応募
11 人
あと 4 時間
（3月25日まで）
気になる！リストに追加
掲載日：2014年03月11日

写真加工Androidアプリの開発者募集
Androidアプリ開発
固定報酬制 300,000円 〜 500,000円
応募
5 人
あと 4 時間
（3月25日まで）
気になる！リストに追加
掲載日：2014年03月11日

禁煙指導系iPhoneアプリ制作
iPhoneアプリ開発
固定報酬制 見積もり希望
応募
3 人
あと 4 時間
（3月25日まで）
気になる！リストに追加
掲載日：2014年02月16日

類似画像検索のシステムの開発
システム開発
時給制 1,500円 〜 2,000円
応募
4 人
あと 4 時間
（3月25日まで）
気になる！リストに追加
掲載日：2014年01月31日

【要打ち合わせ】ストリーミング動画アプリ
iPhoneアプリ開発
固定報酬制 100,000円 〜 300,000円
応募
4 人
あと 4 時間
（3月25日まで）
気になる！リストに追加
掲載日：2014年01月24日

新着
急募！現在、弊社で作成中のWEBアプリケーションに画像アップロードの処理を依頼したい
サイト構築・ウェブ開発
固定報酬制 見積もり希望
応募
5 人
あと 1 日
（3月26日まで）
気になる！リストに追加
掲載日：2014年03月25日
新着
社内用「防災マニュアル」アプリ作成の見積もり
Androidアプリ開発
固定報酬制 見積もり希望
応募
6 人
あと 1 日
（3月26日まで）
気になる！リストに追加
掲載日：2014年03月24日

プログラミング講座の講師募集
サイト構築・ウェブ開発
固定報酬制 10,000円 〜 50,000円
応募
1 人
あと 1 日
（3月26日まで）
気になる！リストに追加
掲載日：2014年03月20日

映像を扱うCMSの開発
サイト構築・ウェブ開発
固定報酬制 見積もり希望
応募
3 人
あと 1 日
（3月26日まで）
気になる！リストに追加
掲載日：2014年03月20日

新規サービスサイトの修正等
サイト構築・ウェブ開発
固定報酬制 100,000円 〜 300,000円
応募
4 人
あと 1 日
（3月26日まで）
気になる！リストに追加
掲載日：2014年03月12日

英語教材の校正とコンテンツ検証
テスト・検証・デバッグ
時給制 1,000円 〜 1,500円
応募
1 人
あと 1 日
（3月26日まで）
気になる！リストに追加
掲載日：2014年03月12日

注目
Python/Django/MySQL サーバAPI開発
サイト構築・ウェブ開発
時給制 2,000円 〜 3,000円
応募
8 人
あと 1 日
（3月26日まで）
気になる！リストに追加
掲載日：2014年03月12日
注目
Androidアプリの開発が可能な方を募集します
Androidアプリ開発
時給制 1,000円 〜 1,500円
応募
6 人
あと 1 日
（3月26日まで）
気になる！リストに追加
掲載日：2014年03月12日

コーポレートサイト【ページデザイン・コーディング】
サイト構築・ウェブ開発
固定報酬制 10,000円 〜 50,000円
応募
4 人
あと 1 日
（3月26日まで）
気になる！リストに追加
掲載日：2014年03月12日

SESです。エンジニア募集しています。
その他（システム開発）
固定報酬制 見積もり希望
応募
5 人
あと 1 日
（3月26日まで）
気になる！リストに追加
掲載日：2014年03月12日

Facebook　懸賞プログラム作成
サイト構築・ウェブ開発
固定報酬制 50,000円 〜 100,000円
応募
4 人
あと 1 日
（3月26日まで）
気になる！リストに追加
掲載日：2014年03月12日

File MakerでAmazonの受注管理のデータベースの作成をお願い致します
サイト構築・ウェブ開発
固定報酬制 見積もり希望
応募
5 人
あと 1 日
（3月26日まで）
気になる！リストに追加
掲載日：2014年03月12日

WordPressによるクラウドファンディングサイトの構築
サイト構築・ウェブ開発
固定報酬制 300,000円 〜 500,000円
応募
4 人
あと 1 日
（3月26日まで）
気になる！リストに追加
掲載日：2014年03月11日

レスポンシブデザインとwordpressのテーマ化
サイト構築・ウェブ開発
固定報酬制 100,000円 〜 300,000円
応募
6 人
あと 2 日
（3月27日まで）
気になる！リストに追加
掲載日：2014年03月19日

Wordpressを用いたポイントサイト(お小遣いサイト)の骨組みの制作
サイト構築・ウェブ開発
固定報酬制 10,000円
応募
1 人
あと 2 日
（3月27日まで）
気になる！リストに追加
掲載日：2014年03月13日

口コミサイトの開発・構築
サイト構築・ウェブ開発
固定報酬制 見積もり希望
応募
3 人
あと 2 日
（3月27日まで）
気になる！リストに追加
掲載日：2014年03月13日

iphoneアプリをリリースしたい！！電子書籍をブックカテゴリで販売したい！このアプリをリリースして下さい！
iPhoneアプリ開発
固定報酬制 10,000円 〜 50,000円
応募
4 人
あと 2 日
（3月27日まで）
気になる！リストに追加
掲載日：2014年03月13日

FC2ブログのテンプレートカスタマイズ
サイト構築・ウェブ開発
固定報酬制 見積もり希望
応募
0 人
あと 2 日
（3月27日まで）
気になる！リストに追加
掲載日：2014年03月13日

貸しホールの予約システム
サイト構築・ウェブ開発
固定報酬制 見積もり希望
応募
8 人
あと 2 日
（3月27日まで）
気になる！リストに追加
掲載日：2014年03月13日

